# JRE version: Java(TM) SE Runtime Environment (8.0_181-b13) (build 1.8.0_181-b13)
# Java VM: Java HotSpot(TM) 64-Bit Server VM (25.181-b13 mixed mode windows-amd64 compressed oops)
Heap:
 PSYoungGen      total 38400K, used 29879K [0x00000000d5f00000, 0x00000000d8980000, 0x0000000100000000)
  eden space 33280K, 78% used [0x00000000d5f00000,0x00000000d785c0c0,0x00000000d7f80000)
  from space 5120K, 76% used [0x00000000d8480000,0x00000000d8851eb0,0x00000000d8980000)
  to   space 5120K, 0% used [0x00000000d7f80000,0x00000000d7f80000,0x00000000d8480000)
 ParOldGen       total 87552K, used 28397K [0x0000000081c00000, 0x0000000087180000, 0x00000000d5f00000)
  object space 87552K, 32% used [0x0000000081c00000,0x00000000837bb6d8,0x0000000087180000)
 Metaspace       used 20301K, capacity 20568K, committed 20864K, reserved 1067008K
  class space    used 2586K, capacity 2657K, committed 2688K, reserved 1048576K
GC Heap History (4 events):
Event: 2.839 GC heap before
{Heap before GC invocations=1 (full 0):
 PSYoungGen      total 38400K, used 33280K [0x00000000d5f00000, 0x00000000d8980000, 0x0000000100000000)
  eden space 33280K, 100% used [0x00000000d5f00000,0x00000000d7f80000,0x00000000d7f80000)
  from space 5120K, 0% used [0x00000000d8480000,0x00000000d8480000,0x00000000d8980000)
  to   space 5120K, 0% used [0x00000000d7f80000,0x00000000d7f80000,0x00000000d8480000)
 ParOldGen       total 87552K, used 0K [0x0000000081c00000, 0x0000000087180000, 0x00000000d5f00000)
  object space 87552K, 0% used [0x0000000081c00000,0x0000000081c00000,0x0000000087180000)
 Metaspace       used 15665K, capacity 15908K, committed 16256K, reserved 1062912K
  class space    used 2026K, capacity 2115K, committed 2176K, reserved 1048576K
Event: 2.845 GC heap after
Heap after GC invocations=1 (full 0):
 PSYoungGen      total 38400K, used 3760K [0x00000000d5f00000, 0x00000000d8980000, 0x0000000100000000)
  eden space 33280K, 0% used [0x00000000d5f00000,0x00000000d5f00000,0x00000000d7f80000)
  from space 5120K, 73% used [0x00000000d7f80000,0x00000000d832c280,0x00000000d8480000)
  to   space 5120K, 0% used [0x00000000d8480000,0x00000000d8480000,0x00000000d8980000)
 ParOldGen       total 87552K, used 4112K [0x0000000081c00000, 0x0000000087180000, 0x00000000d5f00000)
  object space 87552K, 4% used [0x0000000081c00000,0x0000000082004010,0x0000000087180000)
 Metaspace       used 15665K, capacity 15908K, committed 16256K, reserved 1062912K
  class space    used 2026K, capacity 2115K, committed 2176K, reserved 1048576K
}
Event: 19.912 GC heap before
{Heap before GC invocations=2 (full 0):
 PSYoungGen      total 38400K, used 37040K [0x00000000d5f00000, 0x00000000d8980000, 0x0000000100000000)
  eden space 33280K, 100% used [0x00000000d5f00000,0x00000000d7f80000,0x00000000d7f80000)
  from space 5120K, 73% used [0x00000000d7f80000,0x00000000d832c280,0x00000000d8480000)
  to   space 5120K, 0% used [0x00000000d8480000,0x00000000d8480000,0x00000000d8980000)
 ParOldGen       total 87552K, used 4112K [0x0000000081c00000, 0x0000000087180000, 0x00000000d5f00000)
  object space 87552K, 4% used [0x0000000081c00000,0x0000000082004010,0x0000000087180000)
 Metaspace       used 18743K, capacity 19058K, committed 19200K, reserved 1067008K
  class space    used 2379K, capacity 2496K, committed 2560K, reserved 1048576K
Event: 19.921 GC heap after
Heap after GC invocations=2 (full 0):
 PSYoungGen      total 38400K, used 3911K [0x00000000d5f00000, 0x00000000d8980000, 0x0000000100000000)
  eden space 33280K, 0% used [0x00000000d5f00000,0x00000000d5f00000,0x00000000d7f80000)
  from space 5120K, 76% used [0x00000000d8480000,0x00000000d8851eb0,0x00000000d8980000)
  to   space 5120K, 0% used [0x00000000d7f80000,0x00000000d7f80000,0x00000000d8480000)
 ParOldGen       total 87552K, used 28397K [0x0000000081c00000, 0x0000000087180000, 0x00000000d5f00000)
  object space 87552K, 32% used [0x0000000081c00000,0x00000000837bb6d8,0x0000000087180000)
 Metaspace       used 18743K, capacity 19058K, committed 19200K, reserved 1067008K
  class space    used 2379K, capacity 2496K, committed 2560K, reserved 1048576K
}

